<?xml version="1.0" encoding="UTF-8"?>
<!-- Generated by org.testng.reporters.JUnitXMLReporter -->
<testsuite ignored="0" hostname="saravi" failures="1" tests="1" name="Surefire test" time="4.082" errors="0" timestamp="2026-02-09T12:47:05 IST">
  <testcase classname="tests.LoginApiTest" name="loginAPITest" time="3.857">
    <failure type="java.lang.AssertionError" message="expected [200] but found [302]">
      <![CDATA[java.lang.AssertionError: expected [200] but found [302]
at tests.LoginApiTest.loginAPITest(LoginApiTest.java:18)
at java.base/java.util.ArrayList.forEach(ArrayList.java:1511)
... Removed 39 stack frames]]>
    </failure>
  </testcase> <!-- loginAPITest -->
</testsuite> <!-- Surefire test -->
