<?xml version="1.0" encoding="UTF-8"?>
<testsuite xmlns:xsi="http://www.w3.org/2001/XMLSchema-instance" xsi:noNamespaceSchemaLocation="https://maven.apache.org/surefire/maven-surefire-plugin/xsd/surefire-test-report-3.0.xsd" version="3.0" name="TestSuite" time="64.377" tests="12" errors="0" skipped="4" failures="2">
  <properties>
    <property name="java.specification.version" value="17"/>
    <property name="webdriver.chrome.driver" value="C:\Users\sarav\.cache\selenium\chromedriver\win64\144.0.7559.133\chromedriver.exe"/>
    <property name="sun.cpu.isalist" value="amd64"/>
    <property name="sun.jnu.encoding" value="Cp1252"/>
    <property name="java.class.path" value="C:\Users\sarav\OneDrive\Desktop\Framework\Selenium-Framework\target\test-classes;C:\Users\sarav\OneDrive\Desktop\Framework\Selenium-Framework\target\classes;C:\Users\sarav\.m2\repository\org\seleniumhq\selenium\selenium-java\4.18.1\selenium-java-4.18.1.jar;C:\Users\sarav\.m2\repository\org\seleniumhq\selenium\selenium-api\4.18.1\selenium-api-4.18.1.jar;C:\Users\sarav\.m2\repository\org\seleniumhq\selenium\selenium-chrome-driver\4.18.1\selenium-chrome-driver-4.18.1.jar;C:\Users\sarav\.m2\repository\com\google\auto\service\auto-service-annotations\1.1.1\auto-service-annotations-1.1.1.jar;C:\Users\sarav\.m2\repository\org\seleniumhq\selenium\selenium-chromium-driver\4.18.1\selenium-chromium-driver-4.18.1.jar;C:\Users\sarav\.m2\repository\org\seleniumhq\selenium\selenium-json\4.18.1\selenium-json-4.18.1.jar;C:\Users\sarav\.m2\repository\org\seleniumhq\selenium\selenium-manager\4.18.1\selenium-manager-4.18.1.jar;C:\Users\sarav\.m2\repository\org\seleniumhq\selenium\selenium-devtools-v120\4.18.1\selenium-devtools-v120-4.18.1.jar;C:\Users\sarav\.m2\repository\org\seleniumhq\selenium\selenium-devtools-v121\4.18.1\selenium-devtools-v121-4.18.1.jar;C:\Users\sarav\.m2\repository\org\seleniumhq\selenium\selenium-devtools-v122\4.18.1\selenium-devtools-v122-4.18.1.jar;C:\Users\sarav\.m2\repository\org\seleniumhq\selenium\selenium-devtools-v85\4.18.1\selenium-devtools-v85-4.18.1.jar;C:\Users\sarav\.m2\repository\org\seleniumhq\selenium\selenium-edge-driver\4.18.1\selenium-edge-driver-4.18.1.jar;C:\Users\sarav\.m2\repository\org\seleniumhq\selenium\selenium-firefox-driver\4.18.1\selenium-firefox-driver-4.18.1.jar;C:\Users\sarav\.m2\repository\org\seleniumhq\selenium\selenium-http\4.18.1\selenium-http-4.18.1.jar;C:\Users\sarav\.m2\repository\dev\failsafe\failsafe\3.3.2\failsafe-3.3.2.jar;C:\Users\sarav\.m2\repository\org\seleniumhq\selenium\selenium-ie-driver\4.18.1\selenium-ie-driver-4.18.1.jar;C:\Users\sarav\.m2\repository\org\seleniumhq\selenium\selenium-remote-driver\4.18.1\selenium-remote-driver-4.18.1.jar;C:\Users\sarav\.m2\repository\com\google\guava\guava\33.0.0-jre\guava-33.0.0-jre.jar;C:\Users\sarav\.m2\repository\com\google\guava\failureaccess\1.0.2\failureaccess-1.0.2.jar;C:\Users\sarav\.m2\repository\com\google\guava\listenablefuture\9999.0-empty-to-avoid-conflict-with-guava\listenablefuture-9999.0-empty-to-avoid-conflict-with-guava.jar;C:\Users\sarav\.m2\repository\com\google\code\findbugs\jsr305\3.0.2\jsr305-3.0.2.jar;C:\Users\sarav\.m2\repository\org\checkerframework\checker-qual\3.41.0\checker-qual-3.41.0.jar;C:\Users\sarav\.m2\repository\com\google\errorprone\error_prone_annotations\2.23.0\error_prone_annotations-2.23.0.jar;C:\Users\sarav\.m2\repository\com\google\j2objc\j2objc-annotations\2.8\j2objc-annotations-2.8.jar;C:\Users\sarav\.m2\repository\io\opentelemetry\semconv\opentelemetry-semconv\1.23.1-alpha\opentelemetry-semconv-1.23.1-alpha.jar;C:\Users\sarav\.m2\repository\io\opentelemetry\opentelemetry-api\1.35.0\opentelemetry-api-1.35.0.jar;C:\Users\sarav\.m2\repository\io\opentelemetry\opentelemetry-context\1.35.0\opentelemetry-context-1.35.0.jar;C:\Users\sarav\.m2\repository\io\opentelemetry\opentelemetry-exporter-logging\1.35.0\opentelemetry-exporter-logging-1.35.0.jar;C:\Users\sarav\.m2\repository\io\opentelemetry\opentelemetry-sdk-common\1.35.0\opentelemetry-sdk-common-1.35.0.jar;C:\Users\sarav\.m2\repository\io\opentelemetry\opentelemetry-sdk-extension-autoconfigure-spi\1.35.0\opentelemetry-sdk-extension-autoconfigure-spi-1.35.0.jar;C:\Users\sarav\.m2\repository\io\opentelemetry\opentelemetry-sdk-extension-autoconfigure\1.35.0\opentelemetry-sdk-extension-autoconfigure-1.35.0.jar;C:\Users\sarav\.m2\repository\io\opentelemetry\opentelemetry-api-events\1.35.0-alpha\opentelemetry-api-events-1.35.0-alpha.jar;C:\Users\sarav\.m2\repository\io\opentelemetry\opentelemetry-sdk-trace\1.35.0\opentelemetry-sdk-trace-1.35.0.jar;C:\Users\sarav\.m2\repository\io\opentelemetry\opentelemetry-extension-incubator\1.35.0-alpha\opentelemetry-extension-incubator-1.35.0-alpha.jar;C:\Users\sarav\.m2\repository\io\opentelemetry\opentelemetry-sdk\1.35.0\opentelemetry-sdk-1.35.0.jar;C:\Users\sarav\.m2\repository\io\opentelemetry\opentelemetry-sdk-metrics\1.35.0\opentelemetry-sdk-metrics-1.35.0.jar;C:\Users\sarav\.m2\repository\io\opentelemetry\opentelemetry-sdk-logs\1.35.0\opentelemetry-sdk-logs-1.35.0.jar;C:\Users\sarav\.m2\repository\net\bytebuddy\byte-buddy\1.14.12\byte-buddy-1.14.12.jar;C:\Users\sarav\.m2\repository\org\seleniumhq\selenium\selenium-os\4.18.1\selenium-os-4.18.1.jar;C:\Users\sarav\.m2\repository\org\apache\commons\commons-exec\1.3\commons-exec-1.3.jar;C:\Users\sarav\.m2\repository\org\seleniumhq\selenium\selenium-safari-driver\4.18.1\selenium-safari-driver-4.18.1.jar;C:\Users\sarav\.m2\repository\org\seleniumhq\selenium\selenium-support\4.18.1\selenium-support-4.18.1.jar;C:\Users\sarav\.m2\repository\org\testng\testng\7.9.0\testng-7.9.0.jar;C:\Users\sarav\.m2\repository\org\slf4j\slf4j-api\1.7.36\slf4j-api-1.7.36.jar;C:\Users\sarav\.m2\repository\com\beust\jcommander\1.82\jcommander-1.82.jar;C:\Users\sarav\.m2\repository\org\webjars\jquery\3.7.1\jquery-3.7.1.jar;C:\Users\sarav\.m2\repository\io\github\bonigarcia\webdrivermanager\5.7.0\webdrivermanager-5.7.0.jar;C:\Users\sarav\.m2\repository\com\google\code\gson\gson\2.10.1\gson-2.10.1.jar;C:\Users\sarav\.m2\repository\com\github\docker-java\docker-java\3.3.5\docker-java-3.3.5.jar;C:\Users\sarav\.m2\repository\com\github\docker-java\docker-java-core\3.3.5\docker-java-core-3.3.5.jar;C:\Users\sarav\.m2\repository\com\github\docker-java\docker-java-api\3.3.5\docker-java-api-3.3.5.jar;C:\Users\sarav\.m2\repository\com\fasterxml\jackson\core\jackson-annotations\2.10.3\jackson-annotations-2.10.3.jar;C:\Users\sarav\.m2\repository\com\fasterxml\jackson\core\jackson-databind\2.10.3\jackson-databind-2.10.3.jar;C:\Users\sarav\.m2\repository\com\fasterxml\jackson\core\jackson-core\2.10.3\jackson-core-2.10.3.jar;C:\Users\sarav\.m2\repository\org\bouncycastle\bcpkix-jdk18on\1.76\bcpkix-jdk18on-1.76.jar;C:\Users\sarav\.m2\repository\org\bouncycastle\bcprov-jdk18on\1.76\bcprov-jdk18on-1.76.jar;C:\Users\sarav\.m2\repository\org\bouncycastle\bcutil-jdk18on\1.76\bcutil-jdk18on-1.76.jar;C:\Users\sarav\.m2\repository\org\slf4j\jcl-over-slf4j\1.7.30\jcl-over-slf4j-1.7.30.jar;C:\Users\sarav\.m2\repository\com\github\docker-java\docker-java-transport-httpclient5\3.3.5\docker-java-transport-httpclient5-3.3.5.jar;C:\Users\sarav\.m2\repository\com\github\docker-java\docker-java-transport\3.3.5\docker-java-transport-3.3.5.jar;C:\Users\sarav\.m2\repository\net\java\dev\jna\jna\5.13.0\jna-5.13.0.jar;C:\Users\sarav\.m2\repository\org\brotli\dec\0.1.2\dec-0.1.2.jar;C:\Users\sarav\.m2\repository\org\apache\commons\commons-lang3\3.14.0\commons-lang3-3.14.0.jar;C:\Users\sarav\.m2\repository\org\apache\commons\commons-compress\1.26.0\commons-compress-1.26.0.jar;C:\Users\sarav\.m2\repository\org\apache\httpcomponents\client5\httpclient5\5.2.1\httpclient5-5.2.1.jar;C:\Users\sarav\.m2\repository\org\apache\httpcomponents\core5\httpcore5\5.2\httpcore5-5.2.jar;C:\Users\sarav\.m2\repository\org\apache\httpcomponents\core5\httpcore5-h2\5.2\httpcore5-h2-5.2.jar;C:\Users\sarav\.m2\repository\org\apache\logging\log4j\log4j-core\2.22.0\log4j-core-2.22.0.jar;C:\Users\sarav\.m2\repository\org\apache\logging\log4j\log4j-api\2.22.0\log4j-api-2.22.0.jar;C:\Users\sarav\.m2\repository\io\qameta\allure\allure-testng\2.24.0\allure-testng-2.24.0.jar;C:\Users\sarav\.m2\repository\io\qameta\allure\allure-java-commons\2.24.0\allure-java-commons-2.24.0.jar;C:\Users\sarav\.m2\repository\io\qameta\allure\allure-model\2.24.0\allure-model-2.24.0.jar;C:\Users\sarav\.m2\repository\io\qameta\allure\allure-test-filter\2.24.0\allure-test-filter-2.24.0.jar;C:\Users\sarav\.m2\repository\org\apache\poi\poi-ooxml\5.2.5\poi-ooxml-5.2.5.jar;C:\Users\sarav\.m2\repository\org\apache\poi\poi\5.2.5\poi-5.2.5.jar;C:\Users\sarav\.m2\repository\commons-codec\commons-codec\1.16.0\commons-codec-1.16.0.jar;C:\Users\sarav\.m2\repository\org\apache\commons\commons-math3\3.6.1\commons-math3-3.6.1.jar;C:\Users\sarav\.m2\repository\com\zaxxer\SparseBitSet\1.3\SparseBitSet-1.3.jar;C:\Users\sarav\.m2\repository\org\apache\poi\poi-ooxml-lite\5.2.5\poi-ooxml-lite-5.2.5.jar;C:\Users\sarav\.m2\repository\org\apache\xmlbeans\xmlbeans\5.2.0\xmlbeans-5.2.0.jar;C:\Users\sarav\.m2\repository\commons-io\commons-io\2.15.0\commons-io-2.15.0.jar;C:\Users\sarav\.m2\repository\com\github\virtuald\curvesapi\1.08\curvesapi-1.08.jar;C:\Users\sarav\.m2\repository\org\apache\commons\commons-collections4\4.4\commons-collections4-4.4.jar;"/>
    <property name="java.vm.vendor" value="Oracle Corporation"/>
    <property name="sun.arch.data.model" value="64"/>
    <property name="user.variant" value=""/>
    <property name="java.vendor.url" value="https://java.oracle.com/"/>
    <property name="user.timezone" value="Asia/Calcutta"/>
    <property name="os.name" value="Windows 11"/>
    <property name="java.vm.specification.version" value="17"/>
    <property name="sun.java.launcher" value="SUN_STANDARD"/>
    <property name="user.country" value="IN"/>
    <property name="sun.boot.library.path" value="C:\Program Files\Java\jdk-17\bin"/>
    <property name="sun.java.command" value="C:\Users\sarav\AppData\Local\Temp\surefire3009659833957171036\surefirebooter-20260209122523277_3.jar C:\Users\sarav\AppData\Local\Temp\surefire3009659833957171036 2026-02-09T12-25-22_682-jvmRun1 surefire-20260209122523277_1tmp surefire_0-20260209122523277_2tmp"/>
    <property name="jdk.debug" value="release"/>
    <property name="surefire.test.class.path" value="C:\Users\sarav\OneDrive\Desktop\Framework\Selenium-Framework\target\test-classes;C:\Users\sarav\OneDrive\Desktop\Framework\Selenium-Framework\target\classes;C:\Users\sarav\.m2\repository\org\seleniumhq\selenium\selenium-java\4.18.1\selenium-java-4.18.1.jar;C:\Users\sarav\.m2\repository\org\seleniumhq\selenium\selenium-api\4.18.1\selenium-api-4.18.1.jar;C:\Users\sarav\.m2\repository\org\seleniumhq\selenium\selenium-chrome-driver\4.18.1\selenium-chrome-driver-4.18.1.jar;C:\Users\sarav\.m2\repository\com\google\auto\service\auto-service-annotations\1.1.1\auto-service-annotations-1.1.1.jar;C:\Users\sarav\.m2\repository\org\seleniumhq\selenium\selenium-chromium-driver\4.18.1\selenium-chromium-driver-4.18.1.jar;C:\Users\sarav\.m2\repository\org\seleniumhq\selenium\selenium-json\4.18.1\selenium-json-4.18.1.jar;C:\Users\sarav\.m2\repository\org\seleniumhq\selenium\selenium-manager\4.18.1\selenium-manager-4.18.1.jar;C:\Users\sarav\.m2\repository\org\seleniumhq\selenium\selenium-devtools-v120\4.18.1\selenium-devtools-v120-4.18.1.jar;C:\Users\sarav\.m2\repository\org\seleniumhq\selenium\selenium-devtools-v121\4.18.1\selenium-devtools-v121-4.18.1.jar;C:\Users\sarav\.m2\repository\org\seleniumhq\selenium\selenium-devtools-v122\4.18.1\selenium-devtools-v122-4.18.1.jar;C:\Users\sarav\.m2\repository\org\seleniumhq\selenium\selenium-devtools-v85\4.18.1\selenium-devtools-v85-4.18.1.jar;C:\Users\sarav\.m2\repository\org\seleniumhq\selenium\selenium-edge-driver\4.18.1\selenium-edge-driver-4.18.1.jar;C:\Users\sarav\.m2\repository\org\seleniumhq\selenium\selenium-firefox-driver\4.18.1\selenium-firefox-driver-4.18.1.jar;C:\Users\sarav\.m2\repository\org\seleniumhq\selenium\selenium-http\4.18.1\selenium-http-4.18.1.jar;C:\Users\sarav\.m2\repository\dev\failsafe\failsafe\3.3.2\failsafe-3.3.2.jar;C:\Users\sarav\.m2\repository\org\seleniumhq\selenium\selenium-ie-driver\4.18.1\selenium-ie-driver-4.18.1.jar;C:\Users\sarav\.m2\repository\org\seleniumhq\selenium\selenium-remote-driver\4.18.1\selenium-remote-driver-4.18.1.jar;C:\Users\sarav\.m2\repository\com\google\guava\guava\33.0.0-jre\guava-33.0.0-jre.jar;C:\Users\sarav\.m2\repository\com\google\guava\failureaccess\1.0.2\failureaccess-1.0.2.jar;C:\Users\sarav\.m2\repository\com\google\guava\listenablefuture\9999.0-empty-to-avoid-conflict-with-guava\listenablefuture-9999.0-empty-to-avoid-conflict-with-guava.jar;C:\Users\sarav\.m2\repository\com\google\code\findbugs\jsr305\3.0.2\jsr305-3.0.2.jar;C:\Users\sarav\.m2\repository\org\checkerframework\checker-qual\3.41.0\checker-qual-3.41.0.jar;C:\Users\sarav\.m2\repository\com\google\errorprone\error_prone_annotations\2.23.0\error_prone_annotations-2.23.0.jar;C:\Users\sarav\.m2\repository\com\google\j2objc\j2objc-annotations\2.8\j2objc-annotations-2.8.jar;C:\Users\sarav\.m2\repository\io\opentelemetry\semconv\opentelemetry-semconv\1.23.1-alpha\opentelemetry-semconv-1.23.1-alpha.jar;C:\Users\sarav\.m2\repository\io\opentelemetry\opentelemetry-api\1.35.0\opentelemetry-api-1.35.0.jar;C:\Users\sarav\.m2\repository\io\opentelemetry\opentelemetry-context\1.35.0\opentelemetry-context-1.35.0.jar;C:\Users\sarav\.m2\repository\io\opentelemetry\opentelemetry-exporter-logging\1.35.0\opentelemetry-exporter-logging-1.35.0.jar;C:\Users\sarav\.m2\repository\io\opentelemetry\opentelemetry-sdk-common\1.35.0\opentelemetry-sdk-common-1.35.0.jar;C:\Users\sarav\.m2\repository\io\opentelemetry\opentelemetry-sdk-extension-autoconfigure-spi\1.35.0\opentelemetry-sdk-extension-autoconfigure-spi-1.35.0.jar;C:\Users\sarav\.m2\repository\io\opentelemetry\opentelemetry-sdk-extension-autoconfigure\1.35.0\opentelemetry-sdk-extension-autoconfigure-1.35.0.jar;C:\Users\sarav\.m2\repository\io\opentelemetry\opentelemetry-api-events\1.35.0-alpha\opentelemetry-api-events-1.35.0-alpha.jar;C:\Users\sarav\.m2\repository\io\opentelemetry\opentelemetry-sdk-trace\1.35.0\opentelemetry-sdk-trace-1.35.0.jar;C:\Users\sarav\.m2\repository\io\opentelemetry\opentelemetry-extension-incubator\1.35.0-alpha\opentelemetry-extension-incubator-1.35.0-alpha.jar;C:\Users\sarav\.m2\repository\io\opentelemetry\opentelemetry-sdk\1.35.0\opentelemetry-sdk-1.35.0.jar;C:\Users\sarav\.m2\repository\io\opentelemetry\opentelemetry-sdk-metrics\1.35.0\opentelemetry-sdk-metrics-1.35.0.jar;C:\Users\sarav\.m2\repository\io\opentelemetry\opentelemetry-sdk-logs\1.35.0\opentelemetry-sdk-logs-1.35.0.jar;C:\Users\sarav\.m2\repository\net\bytebuddy\byte-buddy\1.14.12\byte-buddy-1.14.12.jar;C:\Users\sarav\.m2\repository\org\seleniumhq\selenium\selenium-os\4.18.1\selenium-os-4.18.1.jar;C:\Users\sarav\.m2\repository\org\apache\commons\commons-exec\1.3\commons-exec-1.3.jar;C:\Users\sarav\.m2\repository\org\seleniumhq\selenium\selenium-safari-driver\4.18.1\selenium-safari-driver-4.18.1.jar;C:\Users\sarav\.m2\repository\org\seleniumhq\selenium\selenium-support\4.18.1\selenium-support-4.18.1.jar;C:\Users\sarav\.m2\repository\org\testng\testng\7.9.0\testng-7.9.0.jar;C:\Users\sarav\.m2\repository\org\slf4j\slf4j-api\1.7.36\slf4j-api-1.7.36.jar;C:\Users\sarav\.m2\repository\com\beust\jcommander\1.82\jcommander-1.82.jar;C:\Users\sarav\.m2\repository\org\webjars\jquery\3.7.1\jquery-3.7.1.jar;C:\Users\sarav\.m2\repository\io\github\bonigarcia\webdrivermanager\5.7.0\webdrivermanager-5.7.0.jar;C:\Users\sarav\.m2\repository\com\google\code\gson\gson\2.10.1\gson-2.10.1.jar;C:\Users\sarav\.m2\repository\com\github\docker-java\docker-java\3.3.5\docker-java-3.3.5.jar;C:\Users\sarav\.m2\repository\com\github\docker-java\docker-java-core\3.3.5\docker-java-core-3.3.5.jar;C:\Users\sarav\.m2\repository\com\github\docker-java\docker-java-api\3.3.5\docker-java-api-3.3.5.jar;C:\Users\sarav\.m2\repository\com\fasterxml\jackson\core\jackson-annotations\2.10.3\jackson-annotations-2.10.3.jar;C:\Users\sarav\.m2\repository\com\fasterxml\jackson\core\jackson-databind\2.10.3\jackson-databind-2.10.3.jar;C:\Users\sarav\.m2\repository\com\fasterxml\jackson\core\jackson-core\2.10.3\jackson-core-2.10.3.jar;C:\Users\sarav\.m2\repository\org\bouncycastle\bcpkix-jdk18on\1.76\bcpkix-jdk18on-1.76.jar;C:\Users\sarav\.m2\repository\org\bouncycastle\bcprov-jdk18on\1.76\bcprov-jdk18on-1.76.jar;C:\Users\sarav\.m2\repository\org\bouncycastle\bcutil-jdk18on\1.76\bcutil-jdk18on-1.76.jar;C:\Users\sarav\.m2\repository\org\slf4j\jcl-over-slf4j\1.7.30\jcl-over-slf4j-1.7.30.jar;C:\Users\sarav\.m2\repository\com\github\docker-java\docker-java-transport-httpclient5\3.3.5\docker-java-transport-httpclient5-3.3.5.jar;C:\Users\sarav\.m2\repository\com\github\docker-java\docker-java-transport\3.3.5\docker-java-transport-3.3.5.jar;C:\Users\sarav\.m2\repository\net\java\dev\jna\jna\5.13.0\jna-5.13.0.jar;C:\Users\sarav\.m2\repository\org\brotli\dec\0.1.2\dec-0.1.2.jar;C:\Users\sarav\.m2\repository\org\apache\commons\commons-lang3\3.14.0\commons-lang3-3.14.0.jar;C:\Users\sarav\.m2\repository\org\apache\commons\commons-compress\1.26.0\commons-compress-1.26.0.jar;C:\Users\sarav\.m2\repository\org\apache\httpcomponents\client5\httpclient5\5.2.1\httpclient5-5.2.1.jar;C:\Users\sarav\.m2\repository\org\apache\httpcomponents\core5\httpcore5\5.2\httpcore5-5.2.jar;C:\Users\sarav\.m2\repository\org\apache\httpcomponents\core5\httpcore5-h2\5.2\httpcore5-h2-5.2.jar;C:\Users\sarav\.m2\repository\org\apache\logging\log4j\log4j-core\2.22.0\log4j-core-2.22.0.jar;C:\Users\sarav\.m2\repository\org\apache\logging\log4j\log4j-api\2.22.0\log4j-api-2.22.0.jar;C:\Users\sarav\.m2\repository\io\qameta\allure\allure-testng\2.24.0\allure-testng-2.24.0.jar;C:\Users\sarav\.m2\repository\io\qameta\allure\allure-java-commons\2.24.0\allure-java-commons-2.24.0.jar;C:\Users\sarav\.m2\repository\io\qameta\allure\allure-model\2.24.0\allure-model-2.24.0.jar;C:\Users\sarav\.m2\repository\io\qameta\allure\allure-test-filter\2.24.0\allure-test-filter-2.24.0.jar;C:\Users\sarav\.m2\repository\org\apache\poi\poi-ooxml\5.2.5\poi-ooxml-5.2.5.jar;C:\Users\sarav\.m2\repository\org\apache\poi\poi\5.2.5\poi-5.2.5.jar;C:\Users\sarav\.m2\repository\commons-codec\commons-codec\1.16.0\commons-codec-1.16.0.jar;C:\Users\sarav\.m2\repository\org\apache\commons\commons-math3\3.6.1\commons-math3-3.6.1.jar;C:\Users\sarav\.m2\repository\com\zaxxer\SparseBitSet\1.3\SparseBitSet-1.3.jar;C:\Users\sarav\.m2\repository\org\apache\poi\poi-ooxml-lite\5.2.5\poi-ooxml-lite-5.2.5.jar;C:\Users\sarav\.m2\repository\org\apache\xmlbeans\xmlbeans\5.2.0\xmlbeans-5.2.0.jar;C:\Users\sarav\.m2\repository\commons-io\commons-io\2.15.0\commons-io-2.15.0.jar;C:\Users\sarav\.m2\repository\com\github\virtuald\curvesapi\1.08\curvesapi-1.08.jar;C:\Users\sarav\.m2\repository\org\apache\commons\commons-collections4\4.4\commons-collections4-4.4.jar;"/>
    <property name="allure.results.directory" value="target/allure-results"/>
    <property name="sun.cpu.endian" value="little"/>
    <property name="user.home" value="C:\Users\sarav"/>
    <property name="user.language" value="en"/>
    <property name="java.specification.vendor" value="Oracle Corporation"/>
    <property name="java.version.date" value="2023-07-18"/>
    <property name="java.home" value="C:\Program Files\Java\jdk-17"/>
    <property name="file.separator" value="\"/>
    <property name="basedir" value="C:\Users\sarav\OneDrive\Desktop\Framework\Selenium-Framework"/>
    <property name="java.vm.compressedOopsMode" value="32-bit"/>
    <property name="line.separator" value="&#10;"/>
    <property name="java.vm.specification.vendor" value="Oracle Corporation"/>
    <property name="java.specification.name" value="Java Platform API Specification"/>
    <property name="surefire.real.class.path" value="C:\Users\sarav\AppData\Local\Temp\surefire3009659833957171036\surefirebooter-20260209122523277_3.jar"/>
    <property name="user.script" value=""/>
    <property name="sun.management.compiler" value="HotSpot 64-Bit Tiered Compilers"/>
    <property name="java.runtime.version" value="17.0.8+9-LTS-211"/>
    <property name="user.name" value="sarav"/>
    <property name="path.separator" value=";"/>
    <property name="os.version" value="10.0"/>
    <property name="java.runtime.name" value="Java(TM) SE Runtime Environment"/>
    <property name="file.encoding" value="Cp1252"/>
    <property name="java.vm.name" value="Java HotSpot(TM) 64-Bit Server VM"/>
    <property name="localRepository" value="C:\Users\sarav\.m2\repository"/>
    <property name="java.vendor.url.bug" value="https://bugreport.java.com/bugreport/"/>
    <property name="java.io.tmpdir" value="C:\Users\sarav\AppData\Local\Temp\"/>
    <property name="java.version" value="17.0.8"/>
    <property name="user.dir" value="C:\Users\sarav\OneDrive\Desktop\Framework\Selenium-Framework"/>
    <property name="os.arch" value="amd64"/>
    <property name="java.vm.specification.name" value="Java Virtual Machine Specification"/>
    <property name="sun.os.patch.level" value=""/>
    <property name="native.encoding" value="Cp1252"/>
    <property name="java.library.path" value="C:\Program Files\Java\jdk-17\bin;C:\WINDOWS\Sun\Java\bin;C:\WINDOWS\system32;C:\WINDOWS;C:\Program Files (x86)\TRICENTIS\Tosca Testsuite\ToscaCommander;;C:\Program Files\Common Files\Oracle\Java\javapath;C:\WINDOWS\system32;C:\WINDOWS;C:\WINDOWS\System32\Wbem;C:\WINDOWS\System32\WindowsPowerShell\v1.0\;C:\WINDOWS\System32\OpenSSH\;C:\Program Files\Java\jdk-17\bin;C:\Program Files\maven\apache-maven-3.9.4\bin;C:\Program Files\Docker\Docker\resources\bin;C:\Program Files\Git\cmd;C:\Program Files\dotnet\;C:\SonarQube\sonarqube-10.7.0.96327\bin\windows-x86-64;C:\allure-2.34.0\allure-2.34.0\bin;C:\Program Files\nodejs\;C:\Program Files\MySQL\MySQL Shell 8.0\bin\;C:\Users\sarav\AppData\Local\Programs\Python\Python312\Scripts\;C:\Users\sarav\AppData\Local\Programs\Python\Python312\;C:\Users\sarav\AppData\Local\Microsoft\WindowsApps;C:\Program Files\JetBrains\PyCharm Community Edition 2024.1.2\bin;;C:\Program Files\JetBrains\IntelliJ IDEA Community Edition 2024.1.4\bin;;C:\allure-2.34.0\allure-2.34.0\bin;C:\Users\sarav\AppData\Roaming\npm;C:\Users\sarav\AppData\Local\Programs\Microsoft VS Code\bin;."/>
    <property name="java.vm.info" value="mixed mode, sharing"/>
    <property name="java.vendor" value="Oracle Corporation"/>
    <property name="java.vm.version" value="17.0.8+9-LTS-211"/>
    <property name="sun.io.unicode.encoding" value="UnicodeLittle"/>
    <property name="java.class.version" value="61.0"/>
  </properties>
  <testcase name="verifyInValidLogin[saravanaplaywright21312@gmail.com, QATesting1!2321](1)" classname="tests.LoginTest" time="2.159">
    <system-out><![CDATA[SETUP RUNNING
2026-02-09 12:25:27,627 INFO t.LoginTest [main] Initializing driver
Browser from config: chrome
Driver set in ThreadLocal
Driver from ThreadLocal: ChromeDriver: chrome on windows (c6bb20899dd2a909f3ceccbcdbc745e8)
Fetching driver from DriverFactory: ChromeDriver: chrome on windows (c6bb20899dd2a909f3ceccbcdbc745e8)
Fetching driver from DriverFactory: ChromeDriver: chrome on windows (c6bb20899dd2a909f3ceccbcdbc745e8)
Fetching driver from DriverFactory: ChromeDriver: chrome on windows (c6bb20899dd2a909f3ceccbcdbc745e8)
Fetching driver from DriverFactory: ChromeDriver: chrome on windows (c6bb20899dd2a909f3ceccbcdbc745e8)
Fetching driver from DriverFactory: ChromeDriver: chrome on windows (c6bb20899dd2a909f3ceccbcdbc745e8)
Fetching driver from DriverFactory: ChromeDriver: chrome on windows (c6bb20899dd2a909f3ceccbcdbc745e8)
Fetching driver from DriverFactory: ChromeDriver: chrome on windows (c6bb20899dd2a909f3ceccbcdbc745e8)
Captured Toast Message: Incorrect email or password.
]]></system-out>
    <system-err><![CDATA[SLF4J: Failed to load class "org.slf4j.impl.StaticLoggerBinder".
SLF4J: Defaulting to no-operation (NOP) logger implementation
SLF4J: See http://www.slf4j.org/codes.html#StaticLoggerBinder for further details.
Feb 09, 2026 12:25:30 PM org.openqa.selenium.devtools.CdpVersionFinder findNearestMatch
WARNING: Unable to find CDP implementation matching 144
Feb 09, 2026 12:25:30 PM org.openqa.selenium.chromium.ChromiumDriver lambda$new$5
WARNING: Unable to find version of CDP to use for 144.0.7559.133. You may need to include a dependency on a specific version of the CDP using something similar to `org.seleniumhq.selenium:selenium-devtools-v86:4.18.1` where the version ("v86") matches the version of the chromium-based browser you're using and the version number of the artifact is the same as Selenium's.
]]></system-err>
  </testcase>
  <testcase name="verifyLoginPageTitle[saravanaplaywright@gmail.com, QATesting1!](1)" classname="tests.LoginTest" time="0.956">
    <system-out><![CDATA[Test passed: verifyInValidLogin
SETUP RUNNING
2026-02-09 12:25:35,894 INFO t.LoginTest [main] Initializing driver
Browser from config: chrome
Driver set in ThreadLocal
Driver from ThreadLocal: ChromeDriver: chrome on windows (24e57b8f66a969357f9852cc5d709dab)
Fetching driver from DriverFactory: ChromeDriver: chrome on windows (24e57b8f66a969357f9852cc5d709dab)
Fetching driver from DriverFactory: ChromeDriver: chrome on windows (24e57b8f66a969357f9852cc5d709dab)
Fetching driver from DriverFactory: ChromeDriver: chrome on windows (24e57b8f66a969357f9852cc5d709dab)
Fetching driver from DriverFactory: ChromeDriver: chrome on windows (24e57b8f66a969357f9852cc5d709dab)
Fetching driver from DriverFactory: ChromeDriver: chrome on windows (24e57b8f66a969357f9852cc5d709dab)
Fetching driver from DriverFactory: ChromeDriver: chrome on windows (24e57b8f66a969357f9852cc5d709dab)
Fetching driver from DriverFactory: ChromeDriver: chrome on windows (24e57b8f66a969357f9852cc5d709dab)
]]></system-out>
    <system-err><![CDATA[Feb 09, 2026 12:25:36 PM org.openqa.selenium.devtools.CdpVersionFinder findNearestMatch
WARNING: Unable to find CDP implementation matching 144
Feb 09, 2026 12:25:36 PM org.openqa.selenium.chromium.ChromiumDriver lambda$new$5
WARNING: Unable to find version of CDP to use for 144.0.7559.133. You may need to include a dependency on a specific version of the CDP using something similar to `org.seleniumhq.selenium:selenium-devtools-v86:4.18.1` where the version ("v86") matches the version of the chromium-based browser you're using and the version number of the artifact is the same as Selenium's.
]]></system-err>
  </testcase>
  <testcase name="verifyValidLogin[saravanaplaywright@gmail.com, QATesting1!](1)" classname="tests.LoginTest" time="1.632">
    <system-out><![CDATA[Test passed: verifyLoginPageTitle
SETUP RUNNING
2026-02-09 12:25:39,180 INFO t.LoginTest [main] Initializing driver
Browser from config: chrome
Driver set in ThreadLocal
Driver from ThreadLocal: ChromeDriver: chrome on windows (d2149bbd87097ce5f33f2b8ae492c25e)
Fetching driver from DriverFactory: ChromeDriver: chrome on windows (d2149bbd87097ce5f33f2b8ae492c25e)
Fetching driver from DriverFactory: ChromeDriver: chrome on windows (d2149bbd87097ce5f33f2b8ae492c25e)
Fetching driver from DriverFactory: ChromeDriver: chrome on windows (d2149bbd87097ce5f33f2b8ae492c25e)
Fetching driver from DriverFactory: ChromeDriver: chrome on windows (d2149bbd87097ce5f33f2b8ae492c25e)
Fetching driver from DriverFactory: ChromeDriver: chrome on windows (d2149bbd87097ce5f33f2b8ae492c25e)
Fetching driver from DriverFactory: ChromeDriver: chrome on windows (d2149bbd87097ce5f33f2b8ae492c25e)
Fetching driver from DriverFactory: ChromeDriver: chrome on windows (d2149bbd87097ce5f33f2b8ae492c25e)
Fetching driver from DriverFactory: ChromeDriver: chrome on windows (d2149bbd87097ce5f33f2b8ae492c25e)
AUTOMATION
]]></system-out>
    <system-err><![CDATA[Feb 09, 2026 12:25:40 PM org.openqa.selenium.devtools.CdpVersionFinder findNearestMatch
WARNING: Unable to find CDP implementation matching 144
Feb 09, 2026 12:25:40 PM org.openqa.selenium.chromium.ChromiumDriver lambda$new$5
WARNING: Unable to find version of CDP to use for 144.0.7559.133. You may need to include a dependency on a specific version of the CDP using something similar to `org.seleniumhq.selenium:selenium-devtools-v86:4.18.1` where the version ("v86") matches the version of the chromium-based browser you're using and the version number of the artifact is the same as Selenium's.
]]></system-err>
  </testcase>
  <testcase name="verifyValidLoginFail[saravanaplaywright@gmail.com, QATesting1!](1)" classname="tests.LoginTest" time="0.0">
    <skipped message="expected [true] but found [false]"/>
    <system-out><![CDATA[Test passed: verifyValidLogin
SETUP RUNNING
2026-02-09 12:25:43,051 INFO t.LoginTest [main] Initializing driver
Browser from config: chrome
Driver set in ThreadLocal
Driver from ThreadLocal: ChromeDriver: chrome on windows (7d47930deca94d8a33ba0f0294d3b6ec)
Fetching driver from DriverFactory: ChromeDriver: chrome on windows (7d47930deca94d8a33ba0f0294d3b6ec)
Fetching driver from DriverFactory: ChromeDriver: chrome on windows (7d47930deca94d8a33ba0f0294d3b6ec)
Fetching driver from DriverFactory: ChromeDriver: chrome on windows (7d47930deca94d8a33ba0f0294d3b6ec)
Fetching driver from DriverFactory: ChromeDriver: chrome on windows (7d47930deca94d8a33ba0f0294d3b6ec)
Fetching driver from DriverFactory: ChromeDriver: chrome on windows (7d47930deca94d8a33ba0f0294d3b6ec)
Fetching driver from DriverFactory: ChromeDriver: chrome on windows (7d47930deca94d8a33ba0f0294d3b6ec)
Fetching driver from DriverFactory: ChromeDriver: chrome on windows (7d47930deca94d8a33ba0f0294d3b6ec)
Fetching driver from DriverFactory: ChromeDriver: chrome on windows (7d47930deca94d8a33ba0f0294d3b6ec)
]]></system-out>
    <system-err><![CDATA[Feb 09, 2026 12:25:43 PM org.openqa.selenium.devtools.CdpVersionFinder findNearestMatch
WARNING: Unable to find CDP implementation matching 144
Feb 09, 2026 12:25:43 PM org.openqa.selenium.chromium.ChromiumDriver lambda$new$5
WARNING: Unable to find version of CDP to use for 144.0.7559.133. You may need to include a dependency on a specific version of the CDP using something similar to `org.seleniumhq.selenium:selenium-devtools-v86:4.18.1` where the version ("v86") matches the version of the chromium-based browser you're using and the version number of the artifact is the same as Selenium's.
]]></system-err>
  </testcase>
  <testcase name="verifyValidLoginFail[saravanaplaywright@gmail.com, QATesting1!](2)" classname="tests.LoginTest" time="0.0">
    <skipped message="expected [true] but found [false]"/>
    <system-out><![CDATA[SETUP RUNNING
2026-02-09 12:25:48,085 INFO t.LoginTest [main] Initializing driver
Browser from config: chrome
Driver set in ThreadLocal
Driver from ThreadLocal: ChromeDriver: chrome on windows (2f521ec63ed86ff7d5242e77ba9f771e)
Fetching driver from DriverFactory: ChromeDriver: chrome on windows (2f521ec63ed86ff7d5242e77ba9f771e)
Fetching driver from DriverFactory: ChromeDriver: chrome on windows (2f521ec63ed86ff7d5242e77ba9f771e)
Fetching driver from DriverFactory: ChromeDriver: chrome on windows (2f521ec63ed86ff7d5242e77ba9f771e)
Fetching driver from DriverFactory: ChromeDriver: chrome on windows (2f521ec63ed86ff7d5242e77ba9f771e)
Fetching driver from DriverFactory: ChromeDriver: chrome on windows (2f521ec63ed86ff7d5242e77ba9f771e)
Fetching driver from DriverFactory: ChromeDriver: chrome on windows (2f521ec63ed86ff7d5242e77ba9f771e)
Fetching driver from DriverFactory: ChromeDriver: chrome on windows (2f521ec63ed86ff7d5242e77ba9f771e)
Fetching driver from DriverFactory: ChromeDriver: chrome on windows (2f521ec63ed86ff7d5242e77ba9f771e)
]]></system-out>
    <system-err><![CDATA[Feb 09, 2026 12:25:49 PM org.openqa.selenium.devtools.CdpVersionFinder findNearestMatch
WARNING: Unable to find CDP implementation matching 144
Feb 09, 2026 12:25:49 PM org.openqa.selenium.chromium.ChromiumDriver lambda$new$5
WARNING: Unable to find version of CDP to use for 144.0.7559.133. You may need to include a dependency on a specific version of the CDP using something similar to `org.seleniumhq.selenium:selenium-devtools-v86:4.18.1` where the version ("v86") matches the version of the chromium-based browser you're using and the version number of the artifact is the same as Selenium's.
]]></system-err>
  </testcase>
  <testcase name="verifyValidLoginFail[saravanaplaywright@gmail.com, QATesting1!](3)" classname="tests.LoginTest" time="1.955">
    <failure message="expected [true] but found [false]" type="java.lang.AssertionError"><![CDATA[java.lang.AssertionError: expected [true] but found [false]
	at org.testng.Assert.fail(Assert.java:111)
	at org.testng.Assert.failNotEquals(Assert.java:1578)
	at org.testng.Assert.assertTrue(Assert.java:57)
	at org.testng.Assert.assertTrue(Assert.java:67)
	at tests.LoginTest.verifyValidLoginFail(LoginTest.java:59)
	at java.base/jdk.internal.reflect.NativeMethodAccessorImpl.invoke0(Native Method)
	at java.base/jdk.internal.reflect.NativeMethodAccessorImpl.invoke(NativeMethodAccessorImpl.java:77)
	at java.base/jdk.internal.reflect.DelegatingMethodAccessorImpl.invoke(DelegatingMethodAccessorImpl.java:43)
	at java.base/java.lang.reflect.Method.invoke(Method.java:568)
	at org.testng.internal.invokers.MethodInvocationHelper.invokeMethod(MethodInvocationHelper.java:139)
	at org.testng.internal.invokers.TestInvoker.invokeMethod(TestInvoker.java:664)
	at org.testng.internal.invokers.TestInvoker.retryFailed(TestInvoker.java:249)
	at org.testng.internal.invokers.MethodRunner.runInSequence(MethodRunner.java:76)
	at org.testng.internal.invokers.TestInvoker$MethodInvocationAgent.invoke(TestInvoker.java:961)
	at org.testng.internal.invokers.TestInvoker.invokeTestMethods(TestInvoker.java:201)
	at org.testng.internal.invokers.TestMethodWorker.invokeTestMethods(TestMethodWorker.java:148)
	at org.testng.internal.invokers.TestMethodWorker.run(TestMethodWorker.java:128)
	at java.base/java.util.ArrayList.forEach(ArrayList.java:1511)
	at org.testng.TestRunner.privateRun(TestRunner.java:819)
	at org.testng.TestRunner.run(TestRunner.java:619)
	at org.testng.SuiteRunner.runTest(SuiteRunner.java:443)
	at org.testng.SuiteRunner.runSequentially(SuiteRunner.java:437)
	at org.testng.SuiteRunner.privateRun(SuiteRunner.java:397)
	at org.testng.SuiteRunner.run(SuiteRunner.java:336)
	at org.testng.SuiteRunnerWorker.runSuite(SuiteRunnerWorker.java:52)
	at org.testng.SuiteRunnerWorker.run(SuiteRunnerWorker.java:95)
	at org.testng.TestNG.runSuitesSequentially(TestNG.java:1301)
	at org.testng.TestNG.runSuitesLocally(TestNG.java:1228)
	at org.testng.TestNG.runSuites(TestNG.java:1134)
	at org.testng.TestNG.run(TestNG.java:1101)
	at org.apache.maven.surefire.testng.TestNGExecutor.run(TestNGExecutor.java:155)
	at org.apache.maven.surefire.testng.TestNGDirectoryTestSuite.executeMulti(TestNGDirectoryTestSuite.java:169)
	at org.apache.maven.surefire.testng.TestNGDirectoryTestSuite.execute(TestNGDirectoryTestSuite.java:88)
	at org.apache.maven.surefire.testng.TestNGProvider.invoke(TestNGProvider.java:137)
	at org.apache.maven.surefire.booter.ForkedBooter.runSuitesInProcess(ForkedBooter.java:385)
	at org.apache.maven.surefire.booter.ForkedBooter.execute(ForkedBooter.java:162)
	at org.apache.maven.surefire.booter.ForkedBooter.run(ForkedBooter.java:507)
	at org.apache.maven.surefire.booter.ForkedBooter.main(ForkedBooter.java:495)
]]></failure>
    <system-out><![CDATA[SETUP RUNNING
2026-02-09 12:25:52,728 INFO t.LoginTest [main] Initializing driver
Browser from config: chrome
Driver set in ThreadLocal
Driver from ThreadLocal: ChromeDriver: chrome on windows (4bd6af303697fb2c42c6621742f85e9b)
Fetching driver from DriverFactory: ChromeDriver: chrome on windows (4bd6af303697fb2c42c6621742f85e9b)
Fetching driver from DriverFactory: ChromeDriver: chrome on windows (4bd6af303697fb2c42c6621742f85e9b)
Fetching driver from DriverFactory: ChromeDriver: chrome on windows (4bd6af303697fb2c42c6621742f85e9b)
Fetching driver from DriverFactory: ChromeDriver: chrome on windows (4bd6af303697fb2c42c6621742f85e9b)
Fetching driver from DriverFactory: ChromeDriver: chrome on windows (4bd6af303697fb2c42c6621742f85e9b)
Fetching driver from DriverFactory: ChromeDriver: chrome on windows (4bd6af303697fb2c42c6621742f85e9b)
Fetching driver from DriverFactory: ChromeDriver: chrome on windows (4bd6af303697fb2c42c6621742f85e9b)
Fetching driver from DriverFactory: ChromeDriver: chrome on windows (4bd6af303697fb2c42c6621742f85e9b)
]]></system-out>
    <system-err><![CDATA[Feb 09, 2026 12:25:53 PM org.openqa.selenium.devtools.CdpVersionFinder findNearestMatch
WARNING: Unable to find CDP implementation matching 144
Feb 09, 2026 12:25:53 PM org.openqa.selenium.chromium.ChromiumDriver lambda$new$5
WARNING: Unable to find version of CDP to use for 144.0.7559.133. You may need to include a dependency on a specific version of the CDP using something similar to `org.seleniumhq.selenium:selenium-devtools-v86:4.18.1` where the version ("v86") matches the version of the chromium-based browser you're using and the version number of the artifact is the same as Selenium's.
]]></system-err>
  </testcase>
  <testcase name="verifyInValidLogin[saravanaplaywright21312@gmail.com, QATesting1!2321](1)" classname="tests.LoginTwoTest" time="2.157">
    <system-out><![CDATA[Test failed: verifyValidLoginFail
Saved screenshot to: C:\Users\sarav\OneDrive\Desktop\Framework\Selenium-Framework\screenshots\verifyValidLoginFail_1770620157400.png
SETUP RUNNING
2026-02-09 12:25:58,561 INFO t.LoginTwoTest [main] Initializing driver
Browser from config: chrome
Driver set in ThreadLocal
Driver from ThreadLocal: ChromeDriver: chrome on windows (f34285e1c22d972d6cd9b413d070afd7)
Fetching driver from DriverFactory: ChromeDriver: chrome on windows (f34285e1c22d972d6cd9b413d070afd7)
Fetching driver from DriverFactory: ChromeDriver: chrome on windows (f34285e1c22d972d6cd9b413d070afd7)
Fetching driver from DriverFactory: ChromeDriver: chrome on windows (f34285e1c22d972d6cd9b413d070afd7)
Fetching driver from DriverFactory: ChromeDriver: chrome on windows (f34285e1c22d972d6cd9b413d070afd7)
Fetching driver from DriverFactory: ChromeDriver: chrome on windows (f34285e1c22d972d6cd9b413d070afd7)
Fetching driver from DriverFactory: ChromeDriver: chrome on windows (f34285e1c22d972d6cd9b413d070afd7)
Fetching driver from DriverFactory: ChromeDriver: chrome on windows (f34285e1c22d972d6cd9b413d070afd7)
Captured Toast Message: Incorrect email or password.
]]></system-out>
    <system-err><![CDATA[Feb 09, 2026 12:25:59 PM org.openqa.selenium.devtools.CdpVersionFinder findNearestMatch
WARNING: Unable to find CDP implementation matching 144
Feb 09, 2026 12:25:59 PM org.openqa.selenium.chromium.ChromiumDriver lambda$new$5
WARNING: Unable to find version of CDP to use for 144.0.7559.133. You may need to include a dependency on a specific version of the CDP using something similar to `org.seleniumhq.selenium:selenium-devtools-v86:4.18.1` where the version ("v86") matches the version of the chromium-based browser you're using and the version number of the artifact is the same as Selenium's.
]]></system-err>
  </testcase>
  <testcase name="verifyLoginPageTitle[saravanaplaywright@gmail.com, QATesting1!](1)" classname="tests.LoginTwoTest" time="1.175">
    <system-out><![CDATA[Test passed: verifyInValidLogin
SETUP RUNNING
2026-02-09 12:26:04,228 INFO t.LoginTwoTest [main] Initializing driver
Browser from config: chrome
Driver set in ThreadLocal
Driver from ThreadLocal: ChromeDriver: chrome on windows (c9ca725250b3edcfac7ddeafde74b963)
Fetching driver from DriverFactory: ChromeDriver: chrome on windows (c9ca725250b3edcfac7ddeafde74b963)
Fetching driver from DriverFactory: ChromeDriver: chrome on windows (c9ca725250b3edcfac7ddeafde74b963)
Fetching driver from DriverFactory: ChromeDriver: chrome on windows (c9ca725250b3edcfac7ddeafde74b963)
Fetching driver from DriverFactory: ChromeDriver: chrome on windows (c9ca725250b3edcfac7ddeafde74b963)
Fetching driver from DriverFactory: ChromeDriver: chrome on windows (c9ca725250b3edcfac7ddeafde74b963)
Fetching driver from DriverFactory: ChromeDriver: chrome on windows (c9ca725250b3edcfac7ddeafde74b963)
Fetching driver from DriverFactory: ChromeDriver: chrome on windows (c9ca725250b3edcfac7ddeafde74b963)
]]></system-out>
    <system-err><![CDATA[Feb 09, 2026 12:26:05 PM org.openqa.selenium.devtools.CdpVersionFinder findNearestMatch
WARNING: Unable to find CDP implementation matching 144
Feb 09, 2026 12:26:05 PM org.openqa.selenium.chromium.ChromiumDriver lambda$new$5
WARNING: Unable to find version of CDP to use for 144.0.7559.133. You may need to include a dependency on a specific version of the CDP using something similar to `org.seleniumhq.selenium:selenium-devtools-v86:4.18.1` where the version ("v86") matches the version of the chromium-based browser you're using and the version number of the artifact is the same as Selenium's.
]]></system-err>
  </testcase>
  <testcase name="verifyValidLogin[saravanaplaywright@gmail.com, QATesting1!](1)" classname="tests.LoginTwoTest" time="1.917">
    <system-out><![CDATA[Test passed: verifyLoginPageTitle
SETUP RUNNING
2026-02-09 12:26:08,609 INFO t.LoginTwoTest [main] Initializing driver
Browser from config: chrome
Driver set in ThreadLocal
Driver from ThreadLocal: ChromeDriver: chrome on windows (e7f466222f49672cc7b9c51332858f61)
Fetching driver from DriverFactory: ChromeDriver: chrome on windows (e7f466222f49672cc7b9c51332858f61)
Fetching driver from DriverFactory: ChromeDriver: chrome on windows (e7f466222f49672cc7b9c51332858f61)
Fetching driver from DriverFactory: ChromeDriver: chrome on windows (e7f466222f49672cc7b9c51332858f61)
Fetching driver from DriverFactory: ChromeDriver: chrome on windows (e7f466222f49672cc7b9c51332858f61)
Fetching driver from DriverFactory: ChromeDriver: chrome on windows (e7f466222f49672cc7b9c51332858f61)
Fetching driver from DriverFactory: ChromeDriver: chrome on windows (e7f466222f49672cc7b9c51332858f61)
Fetching driver from DriverFactory: ChromeDriver: chrome on windows (e7f466222f49672cc7b9c51332858f61)
Fetching driver from DriverFactory: ChromeDriver: chrome on windows (e7f466222f49672cc7b9c51332858f61)
AUTOMATION
]]></system-out>
    <system-err><![CDATA[Feb 09, 2026 12:26:09 PM org.openqa.selenium.devtools.CdpVersionFinder findNearestMatch
WARNING: Unable to find CDP implementation matching 144
Feb 09, 2026 12:26:09 PM org.openqa.selenium.chromium.ChromiumDriver lambda$new$5
WARNING: Unable to find version of CDP to use for 144.0.7559.133. You may need to include a dependency on a specific version of the CDP using something similar to `org.seleniumhq.selenium:selenium-devtools-v86:4.18.1` where the version ("v86") matches the version of the chromium-based browser you're using and the version number of the artifact is the same as Selenium's.
]]></system-err>
  </testcase>
  <testcase name="verifyValidLoginFail[saravanaplaywright@gmail.com, QATesting1!](1)" classname="tests.LoginTwoTest" time="0.0">
    <skipped message="expected [true] but found [false]"/>
    <system-out><![CDATA[Test passed: verifyValidLogin
SETUP RUNNING
2026-02-09 12:26:13,637 INFO t.LoginTwoTest [main] Initializing driver
Browser from config: chrome
Driver set in ThreadLocal
Driver from ThreadLocal: ChromeDriver: chrome on windows (cc3f639f599bbf3ec9843cd928c66333)
Fetching driver from DriverFactory: ChromeDriver: chrome on windows (cc3f639f599bbf3ec9843cd928c66333)
Fetching driver from DriverFactory: ChromeDriver: chrome on windows (cc3f639f599bbf3ec9843cd928c66333)
Fetching driver from DriverFactory: ChromeDriver: chrome on windows (cc3f639f599bbf3ec9843cd928c66333)
Fetching driver from DriverFactory: ChromeDriver: chrome on windows (cc3f639f599bbf3ec9843cd928c66333)
Fetching driver from DriverFactory: ChromeDriver: chrome on windows (cc3f639f599bbf3ec9843cd928c66333)
Fetching driver from DriverFactory: ChromeDriver: chrome on windows (cc3f639f599bbf3ec9843cd928c66333)
Fetching driver from DriverFactory: ChromeDriver: chrome on windows (cc3f639f599bbf3ec9843cd928c66333)
Fetching driver from DriverFactory: ChromeDriver: chrome on windows (cc3f639f599bbf3ec9843cd928c66333)
]]></system-out>
    <system-err><![CDATA[Feb 09, 2026 12:26:14 PM org.openqa.selenium.devtools.CdpVersionFinder findNearestMatch
WARNING: Unable to find CDP implementation matching 144
Feb 09, 2026 12:26:14 PM org.openqa.selenium.chromium.ChromiumDriver lambda$new$5
WARNING: Unable to find version of CDP to use for 144.0.7559.133. You may need to include a dependency on a specific version of the CDP using something similar to `org.seleniumhq.selenium:selenium-devtools-v86:4.18.1` where the version ("v86") matches the version of the chromium-based browser you're using and the version number of the artifact is the same as Selenium's.
]]></system-err>
  </testcase>
  <testcase name="verifyValidLoginFail[saravanaplaywright@gmail.com, QATesting1!](2)" classname="tests.LoginTwoTest" time="0.0">
    <skipped message="expected [true] but found [false]"/>
    <system-out><![CDATA[SETUP RUNNING
2026-02-09 12:26:18,865 INFO t.LoginTwoTest [main] Initializing driver
Browser from config: chrome
Driver set in ThreadLocal
Driver from ThreadLocal: ChromeDriver: chrome on windows (7df8a5cb7db1f3da49d129dd96a44ebc)
Fetching driver from DriverFactory: ChromeDriver: chrome on windows (7df8a5cb7db1f3da49d129dd96a44ebc)
Fetching driver from DriverFactory: ChromeDriver: chrome on windows (7df8a5cb7db1f3da49d129dd96a44ebc)
Fetching driver from DriverFactory: ChromeDriver: chrome on windows (7df8a5cb7db1f3da49d129dd96a44ebc)
Fetching driver from DriverFactory: ChromeDriver: chrome on windows (7df8a5cb7db1f3da49d129dd96a44ebc)
Fetching driver from DriverFactory: ChromeDriver: chrome on windows (7df8a5cb7db1f3da49d129dd96a44ebc)
Fetching driver from DriverFactory: ChromeDriver: chrome on windows (7df8a5cb7db1f3da49d129dd96a44ebc)
Fetching driver from DriverFactory: ChromeDriver: chrome on windows (7df8a5cb7db1f3da49d129dd96a44ebc)
Fetching driver from DriverFactory: ChromeDriver: chrome on windows (7df8a5cb7db1f3da49d129dd96a44ebc)
]]></system-out>
    <system-err><![CDATA[Feb 09, 2026 12:26:19 PM org.openqa.selenium.devtools.CdpVersionFinder findNearestMatch
WARNING: Unable to find CDP implementation matching 144
Feb 09, 2026 12:26:19 PM org.openqa.selenium.chromium.ChromiumDriver lambda$new$5
WARNING: Unable to find version of CDP to use for 144.0.7559.133. You may need to include a dependency on a specific version of the CDP using something similar to `org.seleniumhq.selenium:selenium-devtools-v86:4.18.1` where the version ("v86") matches the version of the chromium-based browser you're using and the version number of the artifact is the same as Selenium's.
]]></system-err>
  </testcase>
  <testcase name="verifyValidLoginFail[saravanaplaywright@gmail.com, QATesting1!](3)" classname="tests.LoginTwoTest" time="1.798">
    <failure message="expected [true] but found [false]" type="java.lang.AssertionError"><![CDATA[java.lang.AssertionError: expected [true] but found [false]
	at org.testng.Assert.fail(Assert.java:111)
	at org.testng.Assert.failNotEquals(Assert.java:1578)
	at org.testng.Assert.assertTrue(Assert.java:57)
	at org.testng.Assert.assertTrue(Assert.java:67)
	at tests.LoginTwoTest.verifyValidLoginFail(LoginTwoTest.java:58)
	at java.base/jdk.internal.reflect.NativeMethodAccessorImpl.invoke0(Native Method)
	at java.base/jdk.internal.reflect.NativeMethodAccessorImpl.invoke(NativeMethodAccessorImpl.java:77)
	at java.base/jdk.internal.reflect.DelegatingMethodAccessorImpl.invoke(DelegatingMethodAccessorImpl.java:43)
	at java.base/java.lang.reflect.Method.invoke(Method.java:568)
	at org.testng.internal.invokers.MethodInvocationHelper.invokeMethod(MethodInvocationHelper.java:139)
	at org.testng.internal.invokers.TestInvoker.invokeMethod(TestInvoker.java:664)
	at org.testng.internal.invokers.TestInvoker.retryFailed(TestInvoker.java:249)
	at org.testng.internal.invokers.MethodRunner.runInSequence(MethodRunner.java:76)
	at org.testng.internal.invokers.TestInvoker$MethodInvocationAgent.invoke(TestInvoker.java:961)
	at org.testng.internal.invokers.TestInvoker.invokeTestMethods(TestInvoker.java:201)
	at org.testng.internal.invokers.TestMethodWorker.invokeTestMethods(TestMethodWorker.java:148)
	at org.testng.internal.invokers.TestMethodWorker.run(TestMethodWorker.java:128)
	at java.base/java.util.ArrayList.forEach(ArrayList.java:1511)
	at org.testng.TestRunner.privateRun(TestRunner.java:819)
	at org.testng.TestRunner.run(TestRunner.java:619)
	at org.testng.SuiteRunner.runTest(SuiteRunner.java:443)
	at org.testng.SuiteRunner.runSequentially(SuiteRunner.java:437)
	at org.testng.SuiteRunner.privateRun(SuiteRunner.java:397)
	at org.testng.SuiteRunner.run(SuiteRunner.java:336)
	at org.testng.SuiteRunnerWorker.runSuite(SuiteRunnerWorker.java:52)
	at org.testng.SuiteRunnerWorker.run(SuiteRunnerWorker.java:95)
	at org.testng.TestNG.runSuitesSequentially(TestNG.java:1301)
	at org.testng.TestNG.runSuitesLocally(TestNG.java:1228)
	at org.testng.TestNG.runSuites(TestNG.java:1134)
	at org.testng.TestNG.run(TestNG.java:1101)
	at org.apache.maven.surefire.testng.TestNGExecutor.run(TestNGExecutor.java:155)
	at org.apache.maven.surefire.testng.TestNGDirectoryTestSuite.executeMulti(TestNGDirectoryTestSuite.java:169)
	at org.apache.maven.surefire.testng.TestNGDirectoryTestSuite.execute(TestNGDirectoryTestSuite.java:88)
	at org.apache.maven.surefire.testng.TestNGProvider.invoke(TestNGProvider.java:137)
	at org.apache.maven.surefire.booter.ForkedBooter.runSuitesInProcess(ForkedBooter.java:385)
	at org.apache.maven.surefire.booter.ForkedBooter.execute(ForkedBooter.java:162)
	at org.apache.maven.surefire.booter.ForkedBooter.run(ForkedBooter.java:507)
	at org.apache.maven.surefire.booter.ForkedBooter.main(ForkedBooter.java:495)
]]></failure>
    <system-out><![CDATA[SETUP RUNNING
2026-02-09 12:26:22,603 INFO t.LoginTwoTest [main] Initializing driver
Browser from config: chrome
Driver set in ThreadLocal
Driver from ThreadLocal: ChromeDriver: chrome on windows (eabc8debc3862aa7803bf38be3392b92)
Fetching driver from DriverFactory: ChromeDriver: chrome on windows (eabc8debc3862aa7803bf38be3392b92)
Fetching driver from DriverFactory: ChromeDriver: chrome on windows (eabc8debc3862aa7803bf38be3392b92)
Fetching driver from DriverFactory: ChromeDriver: chrome on windows (eabc8debc3862aa7803bf38be3392b92)
Fetching driver from DriverFactory: ChromeDriver: chrome on windows (eabc8debc3862aa7803bf38be3392b92)
Fetching driver from DriverFactory: ChromeDriver: chrome on windows (eabc8debc3862aa7803bf38be3392b92)
Fetching driver from DriverFactory: ChromeDriver: chrome on windows (eabc8debc3862aa7803bf38be3392b92)
Fetching driver from DriverFactory: ChromeDriver: chrome on windows (eabc8debc3862aa7803bf38be3392b92)
Fetching driver from DriverFactory: ChromeDriver: chrome on windows (eabc8debc3862aa7803bf38be3392b92)
]]></system-out>
    <system-err><![CDATA[Feb 09, 2026 12:26:23 PM org.openqa.selenium.devtools.CdpVersionFinder findNearestMatch
WARNING: Unable to find CDP implementation matching 144
Feb 09, 2026 12:26:23 PM org.openqa.selenium.chromium.ChromiumDriver lambda$new$5
WARNING: Unable to find version of CDP to use for 144.0.7559.133. You may need to include a dependency on a specific version of the CDP using something similar to `org.seleniumhq.selenium:selenium-devtools-v86:4.18.1` where the version ("v86") matches the version of the chromium-based browser you're using and the version number of the artifact is the same as Selenium's.
]]></system-err>
  </testcase>
</testsuite>