<?xml version="1.0" encoding="UTF-8"?>
<testsuite xmlns:xsi="http://www.w3.org/2001/XMLSchema-instance" xsi:noNamespaceSchemaLocation="https://maven.apache.org/surefire/maven-surefire-plugin/xsd/surefire-test-report-3.0.xsd" version="3.0" name="TestSuite" time="64.377" tests="12" errors="0" skipped="4" failures="2">
  <properties>
[...]
</properties>
  <testcase name="verifyInValidLogin[saravanaplaywright21312@gmail.com, QATesting1!2321](1)" classname="tests.LoginTest" time="2.159">
    <system-out><![CDATA[SETUP RUNNING
2026-02-09 12:25:27,627 INFO t.LoginTest [main] Initializing driver
Browser from config: chrome
Driver set in ThreadLocal
Driver from ThreadLocal: ChromeDriver: chrome on windows (c6bb20899dd2a909f3ceccbcdbc745e8)
Fetching driver from DriverFactory: ChromeDriver: chrome on windows (c6bb20899dd2a909f3ceccbcdbc745e8)
Fetching driver from DriverFactory: ChromeDriver: chrome on windows (c6bb20899dd2a909f3ceccbcdbc745e8)
Fetching driver from DriverFactory: ChromeDriver: chrome on windows (c6bb20899dd2a909f3ceccbcdbc745e8)
Fetching driver from DriverFactory: ChromeDriver: chrome on windows (c6bb20899dd2a909f3ceccbcdbc745e8)
Fetching driver from DriverFactory: ChromeDriver: chrome on windows (c6bb20899dd2a909f3ceccbcdbc745e8)
Fetching driver from DriverFactory: ChromeDriver: chrome on windows (c6bb20899dd2a909f3ceccbcdbc745e8)
Fetching driver from DriverFactory: ChromeDriver: chrome on windows (c6bb20899dd2a909f3ceccbcdbc745e8)
Captured Toast Message: Incorrect email or password.
]]></system-out>
    <system-err><![CDATA[SLF4J: Failed to load class "org.slf4j.impl.StaticLoggerBinder".
SLF4J: Defaulting to no-operation (NOP) logger implementation
SLF4J: See http://www.slf4j.org/codes.html#StaticLoggerBinder for further details.
Feb 09, 2026 12:25:30 PM org.openqa.selenium.devtools.CdpVersionFinder findNearestMatch
WARNING: Unable to find CDP implementation matching 144
Feb 09, 2026 12:25:30 PM org.openqa.selenium.chromium.ChromiumDriver lambda$new$5
WARNING: Unable to find version of CDP to use for 144.0.7559.133. You may need to include a dependency on a specific version of the CDP using something similar to `org.seleniumhq.selenium:selenium-devtools-v86:4.18.1` where the version ("v86") matches the version of the chromium-based browser you're using and the version number of the artifact is the same as Selenium's.
]]></system-err>
  </testcase>
  <testcase name="verifyLoginPageTitle[saravanaplaywright@gmail.com, QATesting1!](1)" classname="tests.LoginTest" time="0.956">
    <system-out><![CDATA[Test passed: verifyInValidLogin
SETUP RUNNING
2026-02-09 12:25:35,894 INFO t.LoginTest [main] Initializing driver
Browser from config: chrome
Driver set in ThreadLocal
Driver from ThreadLocal: ChromeDriver: chrome on windows (24e57b8f66a969357f9852cc5d709dab)
Fetching driver from DriverFactory: ChromeDriver: chrome on windows (24e57b8f66a969357f9852cc5d709dab)
Fetching driver from DriverFactory: ChromeDriver: chrome on windows (24e57b8f66a969357f9852cc5d709dab)
Fetching driver from DriverFactory: ChromeDriver: chrome on windows (24e57b8f66a969357f9852cc5d709dab)
Fetching driver from DriverFactory: ChromeDriver: chrome on windows (24e57b8f66a969357f9852cc5d709dab)
Fetching driver from DriverFactory: ChromeDriver: chrome on windows (24e57b8f66a969357f9852cc5d709dab)
Fetching driver from DriverFactory: ChromeDriver: chrome on windows (24e57b8f66a969357f9852cc5d709dab)
Fetching driver from DriverFactory: ChromeDriver: chrome on windows (24e57b8f66a969357f9852cc5d709dab)
]]></system-out>
    <system-err><![CDATA[Feb 09, 2026 12:25:36 PM org.openqa.selenium.devtools.CdpVersionFinder findNearestMatch
WARNING: Unable to find CDP implementation matching 144
Feb 09, 2026 12:25:36 PM org.openqa.selenium.chromium.ChromiumDriver lambda$new$5
WARNING: Unable to find version of CDP to use for 144.0.7559.133. You may need to include a dependency on a specific version of the CDP using something similar to `org.seleniumhq.selenium:selenium-devtools-v86:4.18.1` where the version ("v86") matches the version of the chromium-based browser you're using and the version number of the artifact is the same as Selenium's.
]]></system-err>
  </testcase>
  <testcase name="verifyValidLogin[saravanaplaywright@gmail.com, QATesting1!](1)" classname="tests.LoginTest" time="1.632">
    <system-out><![CDATA[Test passed: verifyLoginPageTitle
SETUP RUNNING
2026-02-09 12:25:39,180 INFO t.LoginTest [main] Initializing driver
Browser from config: chrome
Driver set in ThreadLocal
Driver from ThreadLocal: ChromeDriver: chrome on windows (d2149bbd87097ce5f33f2b8ae492c25e)
Fetching driver from DriverFactory: ChromeDriver: chrome on windows (d2149bbd87097ce5f33f2b8ae492c25e)
Fetching driver from DriverFactory: ChromeDriver: chrome on windows (d2149bbd87097ce5f33f2b8ae492c25e)
Fetching driver from DriverFactory: ChromeDriver: chrome on windows (d2149bbd87097ce5f33f2b8ae492c25e)
Fetching driver from DriverFactory: ChromeDriver: chrome on windows (d2149bbd87097ce5f33f2b8ae492c25e)
Fetching driver from DriverFactory: ChromeDriver: chrome on windows (d2149bbd87097ce5f33f2b8ae492c25e)
Fetching driver from DriverFactory: ChromeDriver: chrome on windows (d2149bbd87097ce5f33f2b8ae492c25e)
Fetching driver from DriverFactory: ChromeDriver: chrome on windows (d2149bbd87097ce5f33f2b8ae492c25e)
Fetching driver from DriverFactory: ChromeDriver: chrome on windows (d2149bbd87097ce5f33f2b8ae492c25e)
AUTOMATION
]]></system-out>
    <system-err><![CDATA[Feb 09, 2026 12:25:40 PM org.openqa.selenium.devtools.CdpVersionFinder findNearestMatch
WARNING: Unable to find CDP implementation matching 144
Feb 09, 2026 12:25:40 PM org.openqa.selenium.chromium.ChromiumDriver lambda$new$5
WARNING: Unable to find version of CDP to use for 144.0.7559.133. You may need to include a dependency on a specific version of the CDP using something similar to `org.seleniumhq.selenium:selenium-devtools-v86:4.18.1` where the version ("v86") matches the version of the chromium-based browser you're using and the version number of the artifact is the same as Selenium's.
]]></system-err>
  </testcase>
  <testcase name="verifyValidLoginFail[saravanaplaywright@gmail.com, QATesting1!](1)" classname="tests.LoginTest" time="0.0">
    <skipped message="expected [true] but found [false]"/>
    <system-out><![CDATA[Test passed: verifyValidLogin
SETUP RUNNING
2026-02-09 12:25:43,051 INFO t.LoginTest [main] Initializing driver
Browser from config: chrome
Driver set in ThreadLocal
Driver from ThreadLocal: ChromeDriver: chrome on windows (7d47930deca94d8a33ba0f0294d3b6ec)
Fetching driver from DriverFactory: ChromeDriver: chrome on windows (7d47930deca94d8a33ba0f0294d3b6ec)
Fetching driver from DriverFactory: ChromeDriver: chrome on windows (7d47930deca94d8a33ba0f0294d3b6ec)
Fetching driver from DriverFactory: ChromeDriver: chrome on windows (7d47930deca94d8a33ba0f0294d3b6ec)
Fetching driver from DriverFactory: ChromeDriver: chrome on windows (7d47930deca94d8a33ba0f0294d3b6ec)
Fetching driver from DriverFactory: ChromeDriver: chrome on windows (7d47930deca94d8a33ba0f0294d3b6ec)
Fetching driver from DriverFactory: ChromeDriver: chrome on windows (7d47930deca94d8a33ba0f0294d3b6ec)
Fetching driver from DriverFactory: ChromeDriver: chrome on windows (7d47930deca94d8a33ba0f0294d3b6ec)
Fetching driver from DriverFactory: ChromeDriver: chrome on windows (7d47930deca94d8a33ba0f0294d3b6ec)
]]></system-out>
    <system-err><![CDATA[Feb 09, 2026 12:25:43 PM org.openqa.selenium.devtools.CdpVersionFinder findNearestMatch
WARNING: Unable to find CDP implementation matching 144
Feb 09, 2026 12:25:43 PM org.openqa.selenium.chromium.ChromiumDriver lambda$new$5
WARNING: Unable to find version of CDP to use for 144.0.7559.133. You may need to include a dependency on a specific version of the CDP using something similar to `org.seleniumhq.selenium:selenium-devtools-v86:4.18.1` where the version ("v86") matches the version of the chromium-based browser you're using and the version number of the artifact is the same as Selenium's.
]]></system-err>
  </testcase>
  <testcase name="verifyValidLoginFail[saravanaplaywright@gmail.com, QATesting1!](2)" classname="tests.LoginTest" time="0.0">
    <skipped message="expected [true] but found [false]"/>
    <system-out><![CDATA[SETUP RUNNING
2026-02-09 12:25:48,085 INFO t.LoginTest [main] Initializing driver
Browser from config: chrome
Driver set in ThreadLocal
Driver from ThreadLocal: ChromeDriver: chrome on windows (2f521ec63ed86ff7d5242e77ba9f771e)
Fetching driver from DriverFactory: ChromeDriver: chrome on windows (2f521ec63ed86ff7d5242e77ba9f771e)
Fetching driver from DriverFactory: ChromeDriver: chrome on windows (2f521ec63ed86ff7d5242e77ba9f771e)
Fetching driver from DriverFactory: ChromeDriver: chrome on windows (2f521ec63ed86ff7d5242e77ba9f771e)
Fetching driver from DriverFactory: ChromeDriver: chrome on windows (2f521ec63ed86ff7d5242e77ba9f771e)
Fetching driver from DriverFactory: ChromeDriver: chrome on windows (2f521ec63ed86ff7d5242e77ba9f771e)
Fetching driver from DriverFactory: ChromeDriver: chrome on windows (2f521ec63ed86ff7d5242e77ba9f771e)
Fetching driver from DriverFactory: ChromeDriver: chrome on windows (2f521ec63ed86ff7d5242e77ba9f771e)
Fetching driver from DriverFactory: ChromeDriver: chrome on windows (2f521ec63ed86ff7d5242e77ba9f771e)
]]></system-out>
    <system-err><![CDATA[Feb 09, 2026 12:25:49 PM org.openqa.selenium.devtools.CdpVersionFinder findNearestMatch
WARNING: Unable to find CDP implementation matching 144
Feb 09, 2026 12:25:49 PM org.openqa.selenium.chromium.ChromiumDriver lambda$new$5
WARNING: Unable to find version of CDP to use for 144.0.7559.133. You may need to include a dependency on a specific version of the CDP using something similar to `org.seleniumhq.selenium:selenium-devtools-v86:4.18.1` where the version ("v86") matches the version of the chromium-based browser you're using and the version number of the artifact is the same as Selenium's.
]]></system-err>
  </testcase>
  <testcase name="verifyValidLoginFail[saravanaplaywright@gmail.com, QATesting1!](3)" classname="tests.LoginTest" time="1.955">
    <failure message="expected [true] but found [false]" type="java.lang.AssertionError"><![CDATA[java.lang.AssertionError: expected [true] but found [false]
	at org.testng.Assert.fail(Assert.java:111)
	at org.testng.Assert.failNotEquals(Assert.java:1578)
	at org.testng.Assert.assertTrue(Assert.java:57)
	at org.testng.Assert.assertTrue(Assert.java:67)
	at tests.LoginTest.verifyValidLoginFail(LoginTest.java:59)
	at java.base/jdk.internal.reflect.NativeMethodAccessorImpl.invoke0(Native Method)
	at java.base/jdk.internal.reflect.NativeMethodAccessorImpl.invoke(NativeMethodAccessorImpl.java:77)
	at java.base/jdk.internal.reflect.DelegatingMethodAccessorImpl.invoke(DelegatingMethodAccessorImpl.java:43)
	at java.base/java.lang.reflect.Method.invoke(Method.java:568)
	at org.testng.internal.invokers.MethodInvocationHelper.invokeMethod(MethodInvocationHelper.java:139)
	at org.testng.internal.invokers.TestInvoker.invokeMethod(TestInvoker.java:664)
	at org.testng.internal.invokers.TestInvoker.retryFailed(TestInvoker.java:249)
	at org.testng.internal.invokers.MethodRunner.runInSequence(MethodRunner.java:76)
	at org.testng.internal.invokers.TestInvoker$MethodInvocationAgent.invoke(TestInvoker.java:961)
	at org.testng.internal.invokers.TestInvoker.invokeTestMethods(TestInvoker.java:201)
	at org.testng.internal.invokers.TestMethodWorker.invokeTestMethods(TestMethodWorker.java:148)
	at org.testng.internal.invokers.TestMethodWorker.run(TestMethodWorker.java:128)
	at java.base/java.util.ArrayList.forEach(ArrayList.java:1511)
	at org.testng.TestRunner.privateRun(TestRunner.java:819)
	at org.testng.TestRunner.run(TestRunner.java:619)
	at org.testng.SuiteRunner.runTest(SuiteRunner.java:443)
	at org.testng.SuiteRunner.runSequentially(SuiteRunner.java:437)
	at org.testng.SuiteRunner.privateRun(SuiteRunner.java:397)
	at org.testng.SuiteRunner.run(SuiteRunner.java:336)
	at org.testng.SuiteRunnerWorker.runSuite(SuiteRunnerWorker.java:52)
	at org.testng.SuiteRunnerWorker.run(SuiteRunnerWorker.java:95)
	at org.testng.TestNG.runSuitesSequentially(TestNG.java:1301)
	at org.testng.TestNG.runSuitesLocally(TestNG.java:1228)
	at org.testng.TestNG.runSuites(TestNG.java:1134)
	at org.testng.TestNG.run(TestNG.java:1101)
	at org.apache.maven.surefire.testng.TestNGExecutor.run(TestNGExecutor.java:155)
	at org.apache.maven.surefire.testng.TestNGDirectoryTestSuite.executeMulti(TestNGDirectoryTestSuite.java:169)
	at org.apache.maven.surefire.testng.TestNGDirectoryTestSuite.execute(TestNGDirectoryTestSuite.java:88)
	at org.apache.maven.surefire.testng.TestNGProvider.invoke(TestNGProvider.java:137)
	at org.apache.maven.surefire.booter.ForkedBooter.runSuitesInProcess(ForkedBooter.java:385)
	at org.apache.maven.surefire.booter.ForkedBooter.execute(ForkedBooter.java:162)
	at org.apache.maven.surefire.booter.ForkedBooter.run(ForkedBooter.java:507)
	at org.apache.maven.surefire.booter.ForkedBooter.main(ForkedBooter.java:495)
]]></failure>
    <system-out><![CDATA[SETUP RUNNING
2026-02-09 12:25:52,728 INFO t.LoginTest [main] Initializing driver
Browser from config: chrome
Driver set in ThreadLocal
Driver from ThreadLocal: ChromeDriver: chrome on windows (4bd6af303697fb2c42c6621742f85e9b)
Fetching driver from DriverFactory: ChromeDriver: chrome on windows (4bd6af303697fb2c42c6621742f85e9b)
Fetching driver from DriverFactory: ChromeDriver: chrome on windows (4bd6af303697fb2c42c6621742f85e9b)
Fetching driver from DriverFactory: ChromeDriver: chrome on windows (4bd6af303697fb2c42c6621742f85e9b)
Fetching driver from DriverFactory: ChromeDriver: chrome on windows (4bd6af303697fb2c42c6621742f85e9b)
Fetching driver from DriverFactory: ChromeDriver: chrome on windows (4bd6af303697fb2c42c6621742f85e9b)
Fetching driver from DriverFactory: ChromeDriver: chrome on windows (4bd6af303697fb2c42c6621742f85e9b)
Fetching driver from DriverFactory: ChromeDriver: chrome on windows (4bd6af303697fb2c42c6621742f85e9b)
Fetching driver from DriverFactory: ChromeDriver: chrome on windows (4bd6af303697fb2c42c6621742f85e9b)
]]></system-out>
    <system-err><![CDATA[Feb 09, 2026 12:25:53 PM org.openqa.selenium.devtools.CdpVersionFinder findNearestMatch
WARNING: Unable to find CDP implementation matching 144
Feb 09, 2026 12:25:53 PM org.openqa.selenium.chromium.ChromiumDriver lambda$new$5
WARNING: Unable to find version of CDP to use for 144.0.7559.133. You may need to include a dependency on a specific version of the CDP using something similar to `org.seleniumhq.selenium:selenium-devtools-v86:4.18.1` where the version ("v86") matches the version of the chromium-based browser you're using and the version number of the artifact is the same as Selenium's.
]]></system-err>
  </testcase>
  <testcase name="verifyInValidLogin[saravanaplaywright21312@gmail.com, QATesting1!2321](1)" classname="tests.LoginTwoTest" time="2.157">
    <system-out><![CDATA[Test failed: verifyValidLoginFail
Saved screenshot to: C:\Users\sarav\OneDrive\Desktop\Framework\Selenium-Framework\screenshots\verifyValidLoginFail_1770620157400.png
SETUP RUNNING
2026-02-09 12:25:58,561 INFO t.LoginTwoTest [main] Initializing driver
Browser from config: chrome
Driver set in ThreadLocal
Driver from ThreadLocal: ChromeDriver: chrome on windows (f34285e1c22d972d6cd9b413d070afd7)
Fetching driver from DriverFactory: ChromeDriver: chrome on windows (f34285e1c22d972d6cd9b413d070afd7)
Fetching driver from DriverFactory: ChromeDriver: chrome on windows (f34285e1c22d972d6cd9b413d070afd7)
Fetching driver from DriverFactory: ChromeDriver: chrome on windows (f34285e1c22d972d6cd9b413d070afd7)
Fetching driver from DriverFactory: ChromeDriver: chrome on windows (f34285e1c22d972d6cd9b413d070afd7)
Fetching driver from DriverFactory: ChromeDriver: chrome on windows (f34285e1c22d972d6cd9b413d070afd7)
Fetching driver from DriverFactory: ChromeDriver: chrome on windows (f34285e1c22d972d6cd9b413d070afd7)
Fetching driver from DriverFactory: ChromeDriver: chrome on windows (f34285e1c22d972d6cd9b413d070afd7)
Captured Toast Message: Incorrect email or password.
]]></system-out>
    <system-err><![CDATA[Feb 09, 2026 12:25:59 PM org.openqa.selenium.devtools.CdpVersionFinder findNearestMatch
WARNING: Unable to find CDP implementation matching 144
Feb 09, 2026 12:25:59 PM org.openqa.selenium.chromium.ChromiumDriver lambda$new$5
WARNING: Unable to find version of CDP to use for 144.0.7559.133. You may need to include a dependency on a specific version of the CDP using something similar to `org.seleniumhq.selenium:selenium-devtools-v86:4.18.1` where the version ("v86") matches the version of the chromium-based browser you're using and the version number of the artifact is the same as Selenium's.
]]></system-err>
  </testcase>
  <testcase name="verifyLoginPageTitle[saravanaplaywright@gmail.com, QATesting1!](1)" classname="tests.LoginTwoTest" time="1.175">
    <system-out><![CDATA[Test passed: verifyInValidLogin
SETUP RUNNING
2026-02-09 12:26:04,228 INFO t.LoginTwoTest [main] Initializing driver
Browser from config: chrome
Driver set in ThreadLocal
Driver from ThreadLocal: ChromeDriver: chrome on windows (c9ca725250b3edcfac7ddeafde74b963)
Fetching driver from DriverFactory: ChromeDriver: chrome on windows (c9ca725250b3edcfac7ddeafde74b963)
Fetching driver from DriverFactory: ChromeDriver: chrome on windows (c9ca725250b3edcfac7ddeafde74b963)
Fetching driver from DriverFactory: ChromeDriver: chrome on windows (c9ca725250b3edcfac7ddeafde74b963)
Fetching driver from DriverFactory: ChromeDriver: chrome on windows (c9ca725250b3edcfac7ddeafde74b963)
Fetching driver from DriverFactory: ChromeDriver: chrome on windows (c9ca725250b3edcfac7ddeafde74b963)
Fetching driver from DriverFactory: ChromeDriver: chrome on windows (c9ca725250b3edcfac7ddeafde74b963)
Fetching driver from DriverFactory: ChromeDriver: chrome on windows (c9ca725250b3edcfac7ddeafde74b963)
]]></system-out>
    <system-err><![CDATA[Feb 09, 2026 12:26:05 PM org.openqa.selenium.devtools.CdpVersionFinder findNearestMatch
WARNING: Unable to find CDP implementation matching 144
Feb 09, 2026 12:26:05 PM org.openqa.selenium.chromium.ChromiumDriver lambda$new$5
WARNING: Unable to find version of CDP to use for 144.0.7559.133. You may need to include a dependency on a specific version of the CDP using something similar to `org.seleniumhq.selenium:selenium-devtools-v86:4.18.1` where the version ("v86") matches the version of the chromium-based browser you're using and the version number of the artifact is the same as Selenium's.
]]></system-err>
  </testcase>
  <testcase name="verifyValidLogin[saravanaplaywright@gmail.com, QATesting1!](1)" classname="tests.LoginTwoTest" time="1.917">
    <system-out><![CDATA[Test passed: verifyLoginPageTitle
SETUP RUNNING
2026-02-09 12:26:08,609 INFO t.LoginTwoTest [main] Initializing driver
Browser from config: chrome
Driver set in ThreadLocal
Driver from ThreadLocal: ChromeDriver: chrome on windows (e7f466222f49672cc7b9c51332858f61)
Fetching driver from DriverFactory: ChromeDriver: chrome on windows (e7f466222f49672cc7b9c51332858f61)
Fetching driver from DriverFactory: ChromeDriver: chrome on windows (e7f466222f49672cc7b9c51332858f61)
Fetching driver from DriverFactory: ChromeDriver: chrome on windows (e7f466222f49672cc7b9c51332858f61)
Fetching driver from DriverFactory: ChromeDriver: chrome on windows (e7f466222f49672cc7b9c51332858f61)
Fetching driver from DriverFactory: ChromeDriver: chrome on windows (e7f466222f49672cc7b9c51332858f61)
Fetching driver from DriverFactory: ChromeDriver: chrome on windows (e7f466222f49672cc7b9c51332858f61)
Fetching driver from DriverFactory: ChromeDriver: chrome on windows (e7f466222f49672cc7b9c51332858f61)
Fetching driver from DriverFactory: ChromeDriver: chrome on windows (e7f466222f49672cc7b9c51332858f61)
AUTOMATION
]]></system-out>
    <system-err><![CDATA[Feb 09, 2026 12:26:09 PM org.openqa.selenium.devtools.CdpVersionFinder findNearestMatch
WARNING: Unable to find CDP implementation matching 144
Feb 09, 2026 12:26:09 PM org.openqa.selenium.chromium.ChromiumDriver lambda$new$5
WARNING: Unable to find version of CDP to use for 144.0.7559.133. You may need to include a dependency on a specific version of the CDP using something similar to `org.seleniumhq.selenium:selenium-devtools-v86:4.18.1` where the version ("v86") matches the version of the chromium-based browser you're using and the version number of the artifact is the same as Selenium's.
]]></system-err>
  </testcase>
  <testcase name="verifyValidLoginFail[saravanaplaywright@gmail.com, QATesting1!](1)" classname="tests.LoginTwoTest" time="0.0">
    <skipped message="expected [true] but found [false]"/>
    <system-out><![CDATA[Test passed: verifyValidLogin
SETUP RUNNING
2026-02-09 12:26:13,637 INFO t.LoginTwoTest [main] Initializing driver
Browser from config: chrome
Driver set in ThreadLocal
Driver from ThreadLocal: ChromeDriver: chrome on windows (cc3f639f599bbf3ec9843cd928c66333)
Fetching driver from DriverFactory: ChromeDriver: chrome on windows (cc3f639f599bbf3ec9843cd928c66333)
Fetching driver from DriverFactory: ChromeDriver: chrome on windows (cc3f639f599bbf3ec9843cd928c66333)
Fetching driver from DriverFactory: ChromeDriver: chrome on windows (cc3f639f599bbf3ec9843cd928c66333)
Fetching driver from DriverFactory: ChromeDriver: chrome on windows (cc3f639f599bbf3ec9843cd928c66333)
Fetching driver from DriverFactory: ChromeDriver: chrome on windows (cc3f639f599bbf3ec9843cd928c66333)
Fetching driver from DriverFactory: ChromeDriver: chrome on windows (cc3f639f599bbf3ec9843cd928c66333)
Fetching driver from DriverFactory: ChromeDriver: chrome on windows (cc3f639f599bbf3ec9843cd928c66333)
Fetching driver from DriverFactory: ChromeDriver: chrome on windows (cc3f639f599bbf3ec9843cd928c66333)
]]></system-out>
    <system-err><![CDATA[Feb 09, 2026 12:26:14 PM org.openqa.selenium.devtools.CdpVersionFinder findNearestMatch
WARNING: Unable to find CDP implementation matching 144
Feb 09, 2026 12:26:14 PM org.openqa.selenium.chromium.ChromiumDriver lambda$new$5
WARNING: Unable to find version of CDP to use for 144.0.7559.133. You may need to include a dependency on a specific version of the CDP using something similar to `org.seleniumhq.selenium:selenium-devtools-v86:4.18.1` where the version ("v86") matches the version of the chromium-based browser you're using and the version number of the artifact is the same as Selenium's.
]]></system-err>
  </testcase>
  <testcase name="verifyValidLoginFail[saravanaplaywright@gmail.com, QATesting1!](2)" classname="tests.LoginTwoTest" time="0.0">
    <skipped message="expected [true] but found [false]"/>
    <system-out><![CDATA[SETUP RUNNING
2026-02-09 12:26:18,865 INFO t.LoginTwoTest [main] Initializing driver
Browser from config: chrome
Driver set in ThreadLocal
Driver from ThreadLocal: ChromeDriver: chrome on windows (7df8a5cb7db1f3da49d129dd96a44ebc)
Fetching driver from DriverFactory: ChromeDriver: chrome on windows (7df8a5cb7db1f3da49d129dd96a44ebc)
Fetching driver from DriverFactory: ChromeDriver: chrome on windows (7df8a5cb7db1f3da49d129dd96a44ebc)
Fetching driver from DriverFactory: ChromeDriver: chrome on windows (7df8a5cb7db1f3da49d129dd96a44ebc)
Fetching driver from DriverFactory: ChromeDriver: chrome on windows (7df8a5cb7db1f3da49d129dd96a44ebc)
Fetching driver from DriverFactory: ChromeDriver: chrome on windows (7df8a5cb7db1f3da49d129dd96a44ebc)
Fetching driver from DriverFactory: ChromeDriver: chrome on windows (7df8a5cb7db1f3da49d129dd96a44ebc)
Fetching driver from DriverFactory: ChromeDriver: chrome on windows (7df8a5cb7db1f3da49d129dd96a44ebc)
Fetching driver from DriverFactory: ChromeDriver: chrome on windows (7df8a5cb7db1f3da49d129dd96a44ebc)
]]></system-out>
    <system-err><![CDATA[Feb 09, 2026 12:26:19 PM org.openqa.selenium.devtools.CdpVersionFinder findNearestMatch
WARNING: Unable to find CDP implementation matching 144
Feb 09, 2026 12:26:19 PM org.openqa.selenium.chromium.ChromiumDriver lambda$new$5
WARNING: Unable to find version of CDP to use for 144.0.7559.133. You may need to include a dependency on a specific version of the CDP using something similar to `org.seleniumhq.selenium:selenium-devtools-v86:4.18.1` where the version ("v86") matches the version of the chromium-based browser you're using and the version number of the artifact is the same as Selenium's.
]]></system-err>
  </testcase>
  <testcase name="verifyValidLoginFail[saravanaplaywright@gmail.com, QATesting1!](3)" classname="tests.LoginTwoTest" time="1.798">
    <failure message="expected [true] but found [false]" type="java.lang.AssertionError"><![CDATA[java.lang.AssertionError: expected [true] but found [false]
	at org.testng.Assert.fail(Assert.java:111)
	at org.testng.Assert.failNotEquals(Assert.java:1578)
	at org.testng.Assert.assertTrue(Assert.java:57)
	at org.testng.Assert.assertTrue(Assert.java:67)
	at tests.LoginTwoTest.verifyValidLoginFail(LoginTwoTest.java:58)
	at java.base/jdk.internal.reflect.NativeMethodAccessorImpl.invoke0(Native Method)
	at java.base/jdk.internal.reflect.NativeMethodAccessorImpl.invoke(NativeMethodAccessorImpl.java:77)
	at java.base/jdk.internal.reflect.DelegatingMethodAccessorImpl.invoke(DelegatingMethodAccessorImpl.java:43)
	at java.base/java.lang.reflect.Method.invoke(Method.java:568)
	at org.testng.internal.invokers.MethodInvocationHelper.invokeMethod(MethodInvocationHelper.java:139)
	at org.testng.internal.invokers.TestInvoker.invokeMethod(TestInvoker.java:664)
	at org.testng.internal.invokers.TestInvoker.retryFailed(TestInvoker.java:249)
	at org.testng.internal.invokers.MethodRunner.runInSequence(MethodRunner.java:76)
	at org.testng.internal.invokers.TestInvoker$MethodInvocationAgent.invoke(TestInvoker.java:961)
	at org.testng.internal.invokers.TestInvoker.invokeTestMethods(TestInvoker.java:201)
	at org.testng.internal.invokers.TestMethodWorker.invokeTestMethods(TestMethodWorker.java:148)
	at org.testng.internal.invokers.TestMethodWorker.run(TestMethodWorker.java:128)
	at java.base/java.util.ArrayList.forEach(ArrayList.java:1511)
	at org.testng.TestRunner.privateRun(TestRunner.java:819)
	at org.testng.TestRunner.run(TestRunner.java:619)
	at org.testng.SuiteRunner.runTest(SuiteRunner.java:443)
	at org.testng.SuiteRunner.runSequentially(SuiteRunner.java:437)
	at org.testng.SuiteRunner.privateRun(SuiteRunner.java:397)
	at org.testng.SuiteRunner.run(SuiteRunner.java:336)
	at org.testng.SuiteRunnerWorker.runSuite(SuiteRunnerWorker.java:52)
	at org.testng.SuiteRunnerWorker.run(SuiteRunnerWorker.java:95)
	at org.testng.TestNG.runSuitesSequentially(TestNG.java:1301)
	at org.testng.TestNG.runSuitesLocally(TestNG.java:1228)
	at org.testng.TestNG.runSuites(TestNG.java:1134)
	at org.testng.TestNG.run(TestNG.java:1101)
	at org.apache.maven.surefire.testng.TestNGExecutor.run(TestNGExecutor.java:155)
	at org.apache.maven.surefire.testng.TestNGDirectoryTestSuite.executeMulti(TestNGDirectoryTestSuite.java:169)
	at org.apache.maven.surefire.testng.TestNGDirectoryTestSuite.execute(TestNGDirectoryTestSuite.java:88)
	at org.apache.maven.surefire.testng.TestNGProvider.invoke(TestNGProvider.java:137)
	at org.apache.maven.surefire.booter.ForkedBooter.runSuitesInProcess(ForkedBooter.java:385)
	at org.apache.maven.surefire.booter.ForkedBooter.execute(ForkedBooter.java:162)
	at org.apache.maven.surefire.booter.ForkedBooter.run(ForkedBooter.java:507)
	at org.apache.maven.surefire.booter.ForkedBooter.main(ForkedBooter.java:495)
]]></failure>
    <system-out><![CDATA[SETUP RUNNING
2026-02-09 12:26:22,603 INFO t.LoginTwoTest [main] Initializing driver
Browser from config: chrome
Driver set in ThreadLocal
Driver from ThreadLocal: ChromeDriver: chrome on windows (eabc8debc3862aa7803bf38be3392b92)
Fetching driver from DriverFactory: ChromeDriver: chrome on windows (eabc8debc3862aa7803bf38be3392b92)
Fetching driver from DriverFactory: ChromeDriver: chrome on windows (eabc8debc3862aa7803bf38be3392b92)
Fetching driver from DriverFactory: ChromeDriver: chrome on windows (eabc8debc3862aa7803bf38be3392b92)
Fetching driver from DriverFactory: ChromeDriver: chrome on windows (eabc8debc3862aa7803bf38be3392b92)
Fetching driver from DriverFactory: ChromeDriver: chrome on windows (eabc8debc3862aa7803bf38be3392b92)
Fetching driver from DriverFactory: ChromeDriver: chrome on windows (eabc8debc3862aa7803bf38be3392b92)
Fetching driver from DriverFactory: ChromeDriver: chrome on windows (eabc8debc3862aa7803bf38be3392b92)
Fetching driver from DriverFactory: ChromeDriver: chrome on windows (eabc8debc3862aa7803bf38be3392b92)
]]></system-out>
    <system-err><![CDATA[Feb 09, 2026 12:26:23 PM org.openqa.selenium.devtools.CdpVersionFinder findNearestMatch
WARNING: Unable to find CDP implementation matching 144
Feb 09, 2026 12:26:23 PM org.openqa.selenium.chromium.ChromiumDriver lambda$new$5
WARNING: Unable to find version of CDP to use for 144.0.7559.133. You may need to include a dependency on a specific version of the CDP using something similar to `org.seleniumhq.selenium:selenium-devtools-v86:4.18.1` where the version ("v86") matches the version of the chromium-based browser you're using and the version number of the artifact is the same as Selenium's.
]]></system-err>
  </testcase>
</testsuite>